   1              		.file	"uart.c"
   2              		.option nopic
   3              		.section	.text.uart_set_cfg,"ax",@progbits
   4              		.align	1
   5              		.globl	uart_set_cfg
   7              	uart_set_cfg:
   8 0000 B707101A 		li	a5,437256192
   9 0004 9386C700 		add	a3,a5,12
  10 0008 13073008 		li	a4,131
  11 000c 98C2     		sw	a4,0(a3)
  12 000e 13D68500 		srl	a2,a1,8
  13 0012 13874700 		add	a4,a5,4
  14 0016 10C3     		sw	a2,0(a4)
  15 0018 93F5F50F 		and	a1,a1,0xff
  16 001c 2BA4B700 		p.sw	a1,8(a5!)	# store post modify imm
  17 0020 13067002 		li	a2,39
  18 0024 90C3     		sw	a2,0(a5)
  19 0026 8D47     		li	a5,3
  20 0028 9CC2     		sw	a5,0(a3)
  21 002a 1C43     		lw	a5,0(a4)
  22 002c 93F7070F 		and	a5,a5,240
  23 0030 B3C707C0 		p.bset 	a5,a5,0,0 # Bit set
  24 0034 1CC3     		sw	a5,0(a4)
  25 0036 8280     		ret
  27              		.section	.text.uart_send,"ax",@progbits
  28              		.align	1
  29              		.globl	uart_send
  31              	uart_send:
  32 0000 B706101A 		li	a3,437256192
  33 0004 13864601 		add	a2,a3,20
  34 0008 95C1     		beqz	a1,.L15
  35              	.L5:
  36 000a 1C42     		lw	a5,0(a2)
  37 000c 93F70702 		and	a5,a5,32
  38 0010 EDDF     		beqz	a5,.L5
  39 0012 83070500 		lb	a5,0(a0)
  40 0016 FD15     		add	a1,a1,-1
  41 0018 9CC2     		sw	a5,0(a3)
  42 001a 0505     		add	a0,a0,1
  43 001c FB50F303 		lp.setupi 	x1,63,(.L17)	 # loop setup, lc+le set
  44              	.L6:
  45 0020 99C5     		beqz	a1,.L16
  46 0022 0B071500 		p.lb	a4,1(a0!)	# load post inc, ext
  47 0026 FD15     		add	a1,a1,-1
  48              	.L17:
  49 0028 98C2     		sw	a4,0(a3)
  50              		/* loop end a5 .L6 */ 
  51 002a E5F1     		bnez	a1,.L5
  52              	.L15:
  53 002c 8280     		ret
  54              	.L16:
  55 002e 8280     		ret
  57              		.section	.text.uart_getchar,"ax",@progbits
  58              		.align	1
  59              		.globl	uart_getchar
  61              	uart_getchar:
  62 0000 B706101A 		li	a3,437256192
  63 0004 13874601 		add	a4,a3,20
  64              	.L19:
  65 0008 1C43     		lw	a5,0(a4)
  66 000a B3B717FC 		p.bclr 	a5,a5,30,1 # Bit clear
  67 000e EDDF     		beqz	a5,.L19
  68 0010 8842     		lw	a0,0(a3)
  69 0012 33650510 		p.extbs	a0,a0
  70 0016 8280     		ret
  72              		.section	.text.uart_sendchar,"ax",@progbits
  73              		.align	1
  74              		.globl	uart_sendchar
  76              	uart_sendchar:
  77 0000 B706101A 		li	a3,437256192
  78 0004 13874601 		add	a4,a3,20
  79              	.L23:
  80 0008 1C43     		lw	a5,0(a4)
  81 000a 93F70702 		and	a5,a5,32
  82 000e EDDF     		beqz	a5,.L23
  83 0010 88C2     		sw	a0,0(a3)
  84 0012 8280     		ret
  86              		.section	.text.uart_wait_tx_done,"ax",@progbits
  87              		.align	1
  88              		.globl	uart_wait_tx_done
  90              	uart_wait_tx_done:
  91 0000 3707101A 		li	a4,437256192
  92 0004 5107     		add	a4,a4,20
  93              	.L27:
  94 0006 1C43     		lw	a5,0(a4)
  95 0008 93F70704 		and	a5,a5,64
  96 000c EDDF     		beqz	a5,.L27
  97 000e 8280     		ret
  99              		.ident	"GCC: (GNU) 7.1.1 20170509"
DEFINED SYMBOLS
                            *ABS*:0000000000000000 uart.c
     /tmp/ccaNbxk9.s:7      .text.uart_set_cfg:0000000000000000 uart_set_cfg
     /tmp/ccaNbxk9.s:31     .text.uart_send:0000000000000000 uart_send
     /tmp/ccaNbxk9.s:61     .text.uart_getchar:0000000000000000 uart_getchar
     /tmp/ccaNbxk9.s:76     .text.uart_sendchar:0000000000000000 uart_sendchar
     /tmp/ccaNbxk9.s:90     .text.uart_wait_tx_done:0000000000000000 uart_wait_tx_done
     /tmp/ccaNbxk9.s:48     .text.uart_send:0000000000000028 .L17
     /tmp/ccaNbxk9.s:52     .text.uart_send:000000000000002c .L15
     /tmp/ccaNbxk9.s:35     .text.uart_send:000000000000000a .L5
     /tmp/ccaNbxk9.s:54     .text.uart_send:000000000000002e .L16
     /tmp/ccaNbxk9.s:64     .text.uart_getchar:0000000000000008 .L19
     /tmp/ccaNbxk9.s:79     .text.uart_sendchar:0000000000000008 .L23
     /tmp/ccaNbxk9.s:93     .text.uart_wait_tx_done:0000000000000006 .L27

NO UNDEFINED SYMBOLS
